<?xml version="1.0" encoding="UTF-8"?>
<!-- Generated by org.testng.reporters.JUnitXMLReporter -->
<testsuite ignored="0" hostname="DESKTOP-5F5KD8L" failures="1" tests="3" name="ChromeTest" time="20.898" errors="0" timestamp="2023-03-31T15:15:43 IST">
  <testcase classname="validation.CrossBrowserTesting" name="home" time="0.76"/>
  <testcase classname="validation.CrossBrowserTesting" name="custdetails" time="1.039">
    <failure type="java.lang.AssertionError" message="null">
      <![CDATA[java.lang.AssertionError: null
at validation.CrossBrowserTesting.custdetails(CrossBrowserTesting.java:107)
at java.base/java.util.concurrent.ThreadPoolExecutor.runWorker(ThreadPoolExecutor.java:1136)
at java.base/java.util.concurrent.ThreadPoolExecutor$Worker.run(ThreadPoolExecutor.java:635)
at java.base/java.lang.Thread.run(Thread.java:833)
... Removed 12 stack frames]]>
    </failure>
  </testcase> <!-- custdetails -->
  <testcase classname="validation.CrossBrowserTesting" name="seondmanager" time="3.555"/>
</testsuite> <!-- ChromeTest -->
